================= LOG DE OPERAÇÕES - BANCO DE DADOS VENDAS =================

[2025-08-24 14:00:00] USUÁRIO: vendedor01 | OPERAÇÃO: SELECT | TABELA: VENDAS | FILTRO: ID=4511 | DETALHES: Consulta realizada
[2025-08-24 14:01:00] USUÁRIO: vendedor01 | OPERAÇÃO: INSERT | TABELA: VENDAS | CHAVE: ID=7096 | DETALHES: Venda registrada (ClienteID=1248, Valor=R$ 500, FormaPagamento=Cartão)
[2025-08-24 14:02:00] USUÁRIO: vendedor01 | OPERAÇÃO: LOGIN | STATUS: SUCESSO
[2025-08-24 14:03:00] USUÁRIO: gerente | OPERAÇÃO: LOGIN | STATUS: FALHA
[2025-08-24 14:04:00] USUÁRIO: vendedor02 | OPERAÇÃO: LOGIN | STATUS: SUCESSO
[2025-08-24 14:05:00] USUÁRIO: caixa01 | OPERAÇÃO: INSERT | TABELA: USUARIOS | CHAVE: ID=3778 | DETALHES: Registro inserido
[2025-08-24 14:06:00] USUÁRIO: gerente | OPERAÇÃO: INSERT | TABELA: PAGAMENTOS | CHAVE: ID=2036 | DETALHES: Registro inserido
[2025-08-24 14:07:00] USUÁRIO: vendedor01 | OPERAÇÃO: SELECT | TABELA: CLIENTES | FILTRO: ID=9778 | DETALHES: Consulta realizada
[2025-08-24 14:08:00] USUÁRIO: vendedor01 | OPERAÇÃO: SELECT | TABELA: VENDAS | FILTRO: ID=1372 | DETALHES: Consulta realizada
[2025-08-24 14:09:00] USUÁRIO: caixa01 | OPERAÇÃO: INSERT | TABELA: USUARIOS | CHAVE: ID=1949 | DETALHES: Registro inserido
[2025-08-24 14:10:00] USUÁRIO: vendedor01 | OPERAÇÃO: SELECT | TABELA: CLIENTES | FILTRO: ID=2421 | DETALHES: Consulta realizada
[2025-08-24 14:11:00] USUÁRIO: vendedor01 | OPERAÇÃO: INSERT | TABELA: PRODUTOS | CHAVE: ID=8439 | DETALHES: Registro inserido
[2025-08-24 14:12:00] USUÁRIO: vendedor01 | OPERAÇÃO: UPDATE | TABELA: VENDAS | CHAVE: ID=8159 | DETALHES: Campo atualizado
[2025-08-24 14:13:00] USUÁRIO: vendedor02 | OPERAÇÃO: UPDATE | TABELA: PRODUTOS | CHAVE: ID=9140 | DETALHES: Campo atualizado
[2025-08-24 14:14:00] USUÁRIO: admin | OPERAÇÃO: LOGIN | STATUS: FALHA
[2025-08-24 14:15:00] USUÁRIO: vendedor01 | OPERAÇÃO: SELECT | TABELA: CLIENTES | FILTRO: ID=1639 | DETALHES: Consulta realizada
[2025-08-24 14:16:00] USUÁRIO: admin | OPERAÇÃO: SELECT | TABELA: USUARIOS | FILTRO: ID=2133 | DETALHES: Consulta realizada
[2025-08-24 14:17:00] USUÁRIO: admin | OPERAÇÃO: UPDATE | TABELA: USUARIOS | CHAVE: ID=2329 | DETALHES: Campo atualizado
[2025-08-24 14:18:00] USUÁRIO: admin | OPERAÇÃO: DELETE | TABELA: USUARIOS | CHAVE: ID=5572 | DETALHES: Registro excluído
[2025-08-24 14:19:00] USUÁRIO: vendedor02 | OPERAÇÃO: LOGIN | STATUS: SUCESSO
[2025-08-24 14:20:00] USUÁRIO: vendedor02 | OPERAÇÃO: INSERT | TABELA: USUARIOS | CHAVE: ID=2078 | DETALHES: Registro inserido
[2025-08-24 14:21:00] USUÁRIO: caixa01 | OPERAÇÃO: INSERT | TABELA: CLIENTES | CHAVE: ID=9457 | DETALHES: Novo cliente cadastrado (Nome: Cliente_9457, CPF: ***-433)
[2025-08-24 14:22:00] USUÁRIO: vendedor02 | OPERAÇÃO: LOGIN | STATUS: FALHA
[2025-08-24 14:23:00] USUÁRIO: vendedor02 | OPERAÇÃO: SELECT | TABELA: VENDAS | FILTRO: ID=9649 | DETALHES: Consulta realizada
[2025-08-24 14:24:00] USUÁRIO: gerente | OPERAÇÃO: UPDATE | TABELA: PRODUTOS | CHAVE: ID=5584 | DETALHES: Campo atualizado
[2025-08-24 14:25:00] USUÁRIO: caixa01 | OPERAÇÃO: INSERT | TABELA: USUARIOS | CHAVE: ID=7880 | DETALHES: Registro inserido
[2025-08-24 14:26:00] USUÁRIO: vendedor02 | OPERAÇÃO: LOGIN | STATUS: FALHA
[2025-08-24 14:27:00] USUÁRIO: vendedor02 | OPERAÇÃO: UPDATE | TABELA: VENDAS | CHAVE: ID=6117 | DETALHES: Campo atualizado
[2025-08-24 14:28:00] USUÁRIO: gerente | OPERAÇÃO: INSERT | TABELA: PRODUTOS | CHAVE: ID=7173 | DETALHES: Registro inserido
[2025-08-24 14:29:00] USUÁRIO: admin | OPERAÇÃO: SELECT | TABELA: CLIENTES | FILTRO: ID=3377 | DETALHES: Consulta realizada
[2025-08-24 14:30:00] USUÁRIO: vendedor01 | OPERAÇÃO: LOGIN | STATUS: FALHA
[2025-08-24 14:31:00] USUÁRIO: vendedor02 | OPERAÇÃO: LOGIN | STATUS: SUCESSO
[2025-08-24 14:32:00] USUÁRIO: gerente | OPERAÇÃO: UPDATE | TABELA: PRODUTOS | CHAVE: ID=5845 | DETALHES: Campo atualizado
[2025-08-24 14:33:00] USUÁRIO: vendedor02 | OPERAÇÃO: UPDATE | TABELA: PAGAMENTOS | CHAVE: ID=7449 | DETALHES: Campo atualizado
[2025-08-24 14:34:00] USUÁRIO: vendedor01 | OPERAÇÃO: LOGIN | STATUS: SUCESSO
[2025-08-24 14:35:00] USUÁRIO: vendedor02 | OPERAÇÃO: DELETE | TABELA: PAGAMENTOS | CHAVE: ID=1960 | DETALHES: Registro excluído
[2025-08-24 14:36:00] USUÁRIO: admin | OPERAÇÃO: LOGIN | STATUS: FALHA
[2025-08-24 14:37:00] USUÁRIO: admin | OPERAÇÃO: UPDATE | TABELA: PAGAMENTOS | CHAVE: ID=2782 | DETALHES: Campo atualizado
[2025-08-24 14:38:00] USUÁRIO: admin | OPERAÇÃO: DELETE | TABELA: PAGAMENTOS | CHAVE: ID=6580 | DETALHES: Registro excluído
[2025-08-24 14:39:00] USUÁRIO: vendedor01 | OPERAÇÃO: LOGIN | STATUS: FALHA
[2025-08-24 14:40:00] USUÁRIO: admin | OPERAÇÃO: LOGIN | STATUS: FALHA
[2025-08-24 14:41:00] USUÁRIO: caixa01 | OPERAÇÃO: DELETE | TABELA: PAGAMENTOS | CHAVE: ID=6574 | DETALHES: Registro excluído
[2025-08-24 14:42:00] USUÁRIO: caixa01 | OPERAÇÃO: INSERT | TABELA: VENDAS | CHAVE: ID=9278 | DETALHES: Venda registrada (ClienteID=1442, Valor=R$ 1288, FormaPagamento=Cartão)
[2025-08-24 14:43:00] USUÁRIO: vendedor02 | OPERAÇÃO: UPDATE | TABELA: USUARIOS | CHAVE: ID=2100 | DETALHES: Campo atualizado
[2025-08-24 14:44:00] USUÁRIO: vendedor02 | OPERAÇÃO: DELETE | TABELA: USUARIOS | CHAVE: ID=3956 | DETALHES: Registro excluído
[2025-08-24 14:45:00] USUÁRIO: gerente | OPERAÇÃO: DELETE | TABELA: USUARIOS | CHAVE: ID=9914 | DETALHES: Registro excluído
[2025-08-24 14:46:00] USUÁRIO: admin | OPERAÇÃO: SELECT | TABELA: USUARIOS | FILTRO: ID=7471 | DETALHES: Consulta realizada
[2025-08-24 14:47:00] USUÁRIO: vendedor01 | OPERAÇÃO: DELETE | TABELA: PRODUTOS | CHAVE: ID=9006 | DETALHES: Registro excluído
[2025-08-24 14:48:00] USUÁRIO: admin | OPERAÇÃO: SELECT | TABELA: VENDAS | FILTRO: ID=9517 | DETALHES: Consulta realizada
[2025-08-24 14:49:00] USUÁRIO: gerente | OPERAÇÃO: SELECT | TABELA: PAGAMENTOS | FILTRO: ID=4834 | DETALHES: Consulta realizada
[2025-08-24 14:50:00] USUÁRIO: admin | OPERAÇÃO: INSERT | TABELA: PAGAMENTOS | CHAVE: ID=7145 | DETALHES: Registro inserido
[2025-08-24 14:51:00] USUÁRIO: caixa01 | OPERAÇÃO: INSERT | TABELA: VENDAS | CHAVE: ID=3040 | DETALHES: Venda registrada (ClienteID=1438, Valor=R$ 1475, FormaPagamento=Pix)
[2025-08-24 14:52:00] USUÁRIO: gerente | OPERAÇÃO: DELETE | TABELA: PRODUTOS | CHAVE: ID=5709 | DETALHES: Registro excluído
[2025-08-24 14:53:00] USUÁRIO: vendedor01 | OPERAÇÃO: LOGIN | STATUS: FALHA
[2025-08-24 14:54:00] USUÁRIO: gerente | OPERAÇÃO: LOGIN | STATUS: FALHA
[2025-08-24 14:55:00] USUÁRIO: vendedor01 | OPERAÇÃO: INSERT | TABELA: CLIENTES | CHAVE: ID=8547 | DETALHES: Novo cliente cadastrado (Nome: Cliente_8547, CPF: ***-160)
[2025-08-24 14:56:00] USUÁRIO: vendedor01 | OPERAÇÃO: SELECT | TABELA: PAGAMENTOS | FILTRO: ID=8609 | DETALHES: Consulta realizada
[2025-08-24 14:57:00] USUÁRIO: gerente | OPERAÇÃO: LOGIN | STATUS: FALHA
[2025-08-24 14:58:00] USUÁRIO: caixa01 | OPERAÇÃO: LOGIN | STATUS: FALHA
[2025-08-24 14:59:00] USUÁRIO: vendedor02 | OPERAÇÃO: LOGIN | STATUS: FALHA
[2025-08-24 15:00:00] USUÁRIO: vendedor01 | OPERAÇÃO: SELECT | TABELA: PAGAMENTOS | FILTRO: ID=4149 | DETALHES: Consulta realizada
[2025-08-24 15:01:00] USUÁRIO: admin | OPERAÇÃO: UPDATE | TABELA: PRODUTOS | CHAVE: ID=6031 | DETALHES: Campo atualizado
[2025-08-24 15:02:00] USUÁRIO: caixa01 | OPERAÇÃO: LOGIN | STATUS: SUCESSO
[2025-08-24 15:03:00] USUÁRIO: vendedor01 | OPERAÇÃO: LOGIN | STATUS: SUCESSO
[2025-08-24 15:04:00] USUÁRIO: vendedor02 | OPERAÇÃO: DELETE | TABELA: PRODUTOS | CHAVE: ID=8588 | DETALHES: Registro excluído
[2025-08-24 15:05:00] USUÁRIO: gerente | OPERAÇÃO: LOGIN | STATUS: SUCESSO
[2025-08-24 15:06:00] USUÁRIO: vendedor01 | OPERAÇÃO: SELECT | TABELA: PAGAMENTOS | FILTRO: ID=2536 | DETALHES: Consulta realizada
[2025-08-24 15:07:00] USUÁRIO: caixa01 | OPERAÇÃO: SELECT | TABELA: PRODUTOS | FILTRO: ID=3725 | DETALHES: Consulta realizada
[2025-08-24 15:08:00] USUÁRIO: caixa01 | OPERAÇÃO: LOGIN | STATUS: SUCESSO
[2025-08-24 15:09:00] USUÁRIO: vendedor01 | OPERAÇÃO: LOGIN | STATUS: SUCESSO
[2025-08-24 15:10:00] USUÁRIO: gerente | OPERAÇÃO: LOGIN | STATUS: FALHA
[2025-08-24 15:11:00] USUÁRIO: vendedor02 | OPERAÇÃO: UPDATE | TABELA: PRODUTOS | CHAVE: ID=2981 | DETALHES: Campo atualizado
[2025-08-24 15:12:00] USUÁRIO: vendedor01 | OPERAÇÃO: UPDATE | TABELA: USUARIOS | CHAVE: ID=4526 | DETALHES: Campo atualizado
[2025-08-24 15:13:00] USUÁRIO: vendedor01 | OPERAÇÃO: DELETE | TABELA: VENDAS | CHAVE: ID=1454 | DETALHES: Registro excluído
[2025-08-24 15:14:00] USUÁRIO: gerente | OPERAÇÃO: DELETE | TABELA: CLIENTES | CHAVE: ID=6854 | DETALHES: Registro excluído
[2025-08-24 15:15:00] USUÁRIO: vendedor02 | OPERAÇÃO: INSERT | TABELA: PRODUTOS | CHAVE: ID=3040 | DETALHES: Registro inserido
[2025-08-24 15:16:00] USUÁRIO: vendedor02 | OPERAÇÃO: UPDATE | TABELA: USUARIOS | CHAVE: ID=7189 | DETALHES: Campo atualizado
[2025-08-24 15:17:00] USUÁRIO: caixa01 | OPERAÇÃO: SELECT | TABELA: VENDAS | FILTRO: ID=9740 | DETALHES: Consulta realizada
[2025-08-24 15:18:00] USUÁRIO: caixa01 | OPERAÇÃO: DELETE | TABELA: VENDAS | CHAVE: ID=2739 | DETALHES: Registro excluído
[2025-08-24 15:19:00] USUÁRIO: caixa01 | OPERAÇÃO: INSERT | TABELA: VENDAS | CHAVE: ID=9774 | DETALHES: Venda registrada (ClienteID=1546, Valor=R$ 1143, FormaPagamento=Dinheiro)
[2025-08-24 15:20:00] USUÁRIO: admin | OPERAÇÃO: DELETE | TABELA: PAGAMENTOS | CHAVE: ID=1125 | DETALHES: Registro excluído
[2025-08-24 15:21:00] USUÁRIO: vendedor01 | OPERAÇÃO: UPDATE | TABELA: USUARIOS | CHAVE: ID=6749 | DETALHES: Campo atualizado
[2025-08-24 15:22:00] USUÁRIO: vendedor01 | OPERAÇÃO: DELETE | TABELA: CLIENTES | CHAVE: ID=2678 | DETALHES: Registro excluído
[2025-08-24 15:23:00] USUÁRIO: admin | OPERAÇÃO: SELECT | TABELA: CLIENTES | FILTRO: ID=7349 | DETALHES: Consulta realizada
[2025-08-24 15:24:00] USUÁRIO: vendedor01 | OPERAÇÃO: UPDATE | TABELA: USUARIOS | CHAVE: ID=7591 | DETALHES: Campo atualizado
[2025-08-24 15:25:00] USUÁRIO: gerente | OPERAÇÃO: DELETE | TABELA: CLIENTES | CHAVE: ID=9989 | DETALHES: Registro excluído
[2025-08-24 15:26:00] USUÁRIO: vendedor02 | OPERAÇÃO: INSERT | TABELA: CLIENTES | CHAVE: ID=1230 | DETALHES: Novo cliente cadastrado (Nome: Cliente_1230, CPF: ***-263)
[2025-08-24 15:27:00] USUÁRIO: vendedor01 | OPERAÇÃO: UPDATE | TABELA: CLIENTES | CHAVE: ID=4412 | DETALHES: Campo atualizado
[2025-08-24 15:28:00] USUÁRIO: admin | OPERAÇÃO: DELETE | TABELA: USUARIOS | CHAVE: ID=5611 | DETALHES: Registro excluído
[2025-08-24 15:29:00] USUÁRIO: gerente | OPERAÇÃO: SELECT | TABELA: VENDAS | FILTRO: ID=6824 | DETALHES: Consulta realizada
[2025-08-24 15:30:00] USUÁRIO: caixa01 | OPERAÇÃO: SELECT | TABELA: PRODUTOS | FILTRO: ID=3914 | DETALHES: Consulta realizada
[2025-08-24 15:31:00] USUÁRIO: vendedor01 | OPERAÇÃO: DELETE | TABELA: VENDAS | CHAVE: ID=9565 | DETALHES: Registro excluído
[2025-08-24 15:32:00] USUÁRIO: caixa01 | OPERAÇÃO: UPDATE | TABELA: CLIENTES | CHAVE: ID=9266 | DETALHES: Campo atualizado
[2025-08-24 15:33:00] USUÁRIO: gerente | OPERAÇÃO: SELECT | TABELA: PAGAMENTOS | FILTRO: ID=2707 | DETALHES: Consulta realizada
[2025-08-24 15:34:00] USUÁRIO: vendedor02 | OPERAÇÃO: INSERT | TABELA: PRODUTOS | CHAVE: ID=7635 | DETALHES: Registro inserido
[2025-08-24 15:35:00] USUÁRIO: admin | OPERAÇÃO: UPDATE | TABELA: PAGAMENTOS | CHAVE: ID=2240 | DETALHES: Campo atualizado
[2025-08-24 15:36:00] USUÁRIO: vendedor01 | OPERAÇÃO: SELECT | TABELA: CLIENTES | FILTRO: ID=1370 | DETALHES: Consulta realizada
[2025-08-24 15:37:00] USUÁRIO: gerente | OPERAÇÃO: DELETE | TABELA: USUARIOS | CHAVE: ID=6032 | DETALHES: Registro excluído
[2025-08-24 15:38:00] USUÁRIO: gerente | OPERAÇÃO: UPDATE | TABELA: USUARIOS | CHAVE: ID=9810 | DETALHES: Campo atualizado
[2025-08-24 15:39:00] USUÁRIO: caixa01 | OPERAÇÃO: UPDATE | TABELA: CLIENTES | CHAVE: ID=4133 | DETALHES: Campo atualizado
[2025-08-24 15:40:00] USUÁRIO: vendedor02 | OPERAÇÃO: SELECT | TABELA: USUARIOS | FILTRO: ID=8508 | DETALHES: Consulta realizada
[2025-08-24 15:41:00] USUÁRIO: gerente | OPERAÇÃO: UPDATE | TABELA: PAGAMENTOS | CHAVE: ID=1202 | DETALHES: Campo atualizado
[2025-08-24 15:42:00] USUÁRIO: vendedor01 | OPERAÇÃO: INSERT | TABELA: VENDAS | CHAVE: ID=4745 | DETALHES: Venda registrada (ClienteID=1262, Valor=R$ 1483, FormaPagamento=Boleto)
[2025-08-24 15:43:00] USUÁRIO: gerente | OPERAÇÃO: SELECT | TABELA: PAGAMENTOS | FILTRO: ID=4193 | DETALHES: Consulta realizada
[2025-08-24 15:44:00] USUÁRIO: caixa01 | OPERAÇÃO: INSERT | TABELA: PAGAMENTOS | CHAVE: ID=3500 | DETALHES: Registro inserido
[2025-08-24 15:45:00] USUÁRIO: gerente | OPERAÇÃO: LOGIN | STATUS: SUCESSO
[2025-08-24 15:46:00] USUÁRIO: vendedor02 | OPERAÇÃO: LOGIN | STATUS: SUCESSO
[2025-08-24 15:47:00] USUÁRIO: gerente | OPERAÇÃO: SELECT | TABELA: VENDAS | FILTRO: ID=4210 | DETALHES: Consulta realizada
[2025-08-24 15:48:00] USUÁRIO: caixa01 | OPERAÇÃO: LOGIN | STATUS: FALHA
[2025-08-24 15:49:00] USUÁRIO: vendedor02 | OPERAÇÃO: DELETE | TABELA: CLIENTES | CHAVE: ID=4960 | DETALHES: Registro excluído
[2025-08-24 15:50:00] USUÁRIO: gerente | OPERAÇÃO: SELECT | TABELA: PRODUTOS | FILTRO: ID=2454 | DETALHES: Consulta realizada
[2025-08-24 15:51:00] USUÁRIO: vendedor02 | OPERAÇÃO: SELECT | TABELA: PAGAMENTOS | FILTRO: ID=6902 | DETALHES: Consulta realizada
[2025-08-24 15:52:00] USUÁRIO: vendedor01 | OPERAÇÃO: DELETE | TABELA: PRODUTOS | CHAVE: ID=3141 | DETALHES: Registro excluído
[2025-08-24 15:53:00] USUÁRIO: vendedor02 | OPERAÇÃO: INSERT | TABELA: PRODUTOS | CHAVE: ID=5658 | DETALHES: Registro inserido
[2025-08-24 15:54:00] USUÁRIO: vendedor02 | OPERAÇÃO: SELECT | TABELA: VENDAS | FILTRO: ID=7484 | DETALHES: Consulta realizada
[2025-08-24 15:55:00] USUÁRIO: caixa01 | OPERAÇÃO: INSERT | TABELA: VENDAS | CHAVE: ID=9578 | DETALHES: Venda registrada (ClienteID=1975, Valor=R$ 1165, FormaPagamento=Pix)
[2025-08-24 15:56:00] USUÁRIO: vendedor02 | OPERAÇÃO: LOGIN | STATUS: FALHA
[2025-08-24 15:57:00] USUÁRIO: vendedor01 | OPERAÇÃO: UPDATE | TABELA: VENDAS | CHAVE: ID=4889 | DETALHES: Campo atualizado
[2025-08-24 15:58:00] USUÁRIO: admin | OPERAÇÃO: INSERT | TABELA: PAGAMENTOS | CHAVE: ID=5214 | DETALHES: Registro inserido
[2025-08-24 15:59:00] USUÁRIO: vendedor02 | OPERAÇÃO: LOGIN | STATUS: SUCESSO
[2025-08-24 16:00:00] USUÁRIO: vendedor02 | OPERAÇÃO: UPDATE | TABELA: PRODUTOS | CHAVE: ID=2264 | DETALHES: Campo atualizado
[2025-08-24 16:01:00] USUÁRIO: admin | OPERAÇÃO: UPDATE | TABELA: PAGAMENTOS | CHAVE: ID=9056 | DETALHES: Campo atualizado
[2025-08-24 16:02:00] USUÁRIO: vendedor01 | OPERAÇÃO: INSERT | TABELA: PAGAMENTOS | CHAVE: ID=5045 | DETALHES: Registro inserido
[2025-08-24 16:03:00] USUÁRIO: vendedor01 | OPERAÇÃO: LOGIN | STATUS: SUCESSO
[2025-08-24 16:04:00] USUÁRIO: caixa01 | OPERAÇÃO: INSERT | TABELA: VENDAS | CHAVE: ID=2079 | DETALHES: Venda registrada (ClienteID=1810, Valor=R$ 1298, FormaPagamento=Pix)
[2025-08-24 16:05:00] USUÁRIO: admin | OPERAÇÃO: SELECT | TABELA: USUARIOS | FILTRO: ID=7672 | DETALHES: Consulta realizada
[2025-08-24 16:06:00] USUÁRIO: vendedor02 | OPERAÇÃO: UPDATE | TABELA: CLIENTES | CHAVE: ID=3633 | DETALHES: Campo atualizado
[2025-08-24 16:07:00] USUÁRIO: vendedor02 | OPERAÇÃO: UPDATE | TABELA: CLIENTES | CHAVE: ID=8580 | DETALHES: Campo atualizado
[2025-08-24 16:08:00] USUÁRIO: admin | OPERAÇÃO: UPDATE | TABELA: CLIENTES | CHAVE: ID=4331 | DETALHES: Campo atualizado
[2025-08-24 16:09:00] USUÁRIO: gerente | OPERAÇÃO: DELETE | TABELA: PRODUTOS | CHAVE: ID=8176 | DETALHES: Registro excluído
[2025-08-24 16:10:00] USUÁRIO: admin | OPERAÇÃO: SELECT | TABELA: PAGAMENTOS | FILTRO: ID=5601 | DETALHES: Consulta realizada
[2025-08-24 16:11:00] USUÁRIO: caixa01 | OPERAÇÃO: DELETE | TABELA: CLIENTES | CHAVE: ID=4955 | DETALHES: Registro excluído
[2025-08-24 16:12:00] USUÁRIO: admin | OPERAÇÃO: LOGIN | STATUS: SUCESSO
[2025-08-24 16:13:00] USUÁRIO: gerente | OPERAÇÃO: LOGIN | STATUS: FALHA
[2025-08-24 16:14:00] USUÁRIO: vendedor02 | OPERAÇÃO: INSERT | TABELA: USUARIOS | CHAVE: ID=2690 | DETALHES: Registro inserido
[2025-08-24 16:15:00] USUÁRIO: caixa01 | OPERAÇÃO: SELECT | TABELA: USUARIOS | FILTRO: ID=4074 | DETALHES: Consulta realizada
[2025-08-24 16:16:00] USUÁRIO: admin | OPERAÇÃO: DELETE | TABELA: CLIENTES | CHAVE: ID=2070 | DETALHES: Registro excluído
[2025-08-24 16:17:00] USUÁRIO: admin | OPERAÇÃO: INSERT | TABELA: CLIENTES | CHAVE: ID=4530 | DETALHES: Novo cliente cadastrado (Nome: Cliente_4530, CPF: ***-808)
[2025-08-24 16:18:00] USUÁRIO: admin | OPERAÇÃO: UPDATE | TABELA: VENDAS | CHAVE: ID=4515 | DETALHES: Campo atualizado
[2025-08-24 16:19:00] USUÁRIO: vendedor02 | OPERAÇÃO: SELECT | TABELA: PAGAMENTOS | FILTRO: ID=2961 | DETALHES: Consulta realizada
[2025-08-24 16:20:00] USUÁRIO: gerente | OPERAÇÃO: UPDATE | TABELA: PAGAMENTOS | CHAVE: ID=6568 | DETALHES: Campo atualizado
[2025-08-24 16:21:00] USUÁRIO: vendedor01 | OPERAÇÃO: LOGIN | STATUS: SUCESSO
[2025-08-24 16:22:00] USUÁRIO: admin | OPERAÇÃO: INSERT | TABELA: PRODUTOS | CHAVE: ID=3273 | DETALHES: Registro inserido
[2025-08-24 16:23:00] USUÁRIO: vendedor02 | OPERAÇÃO: DELETE | TABELA: PAGAMENTOS | CHAVE: ID=2868 | DETALHES: Registro excluído
[2025-08-24 16:24:00] USUÁRIO: gerente | OPERAÇÃO: DELETE | TABELA: PRODUTOS | CHAVE: ID=1346 | DETALHES: Registro excluído
[2025-08-24 16:25:00] USUÁRIO: caixa01 | OPERAÇÃO: INSERT | TABELA: PAGAMENTOS | CHAVE: ID=6758 | DETALHES: Registro inserido
[2025-08-24 16:26:00] USUÁRIO: vendedor02 | OPERAÇÃO: LOGIN | STATUS: SUCESSO
[2025-08-24 16:27:00] USUÁRIO: caixa01 | OPERAÇÃO: INSERT | TABELA: CLIENTES | CHAVE: ID=7801 | DETALHES: Novo cliente cadastrado (Nome: Cliente_7801, CPF: ***-670)
[2025-08-24 16:28:00] USUÁRIO: caixa01 | OPERAÇÃO: LOGIN | STATUS: SUCESSO
[2025-08-24 16:29:00] USUÁRIO: admin | OPERAÇÃO: UPDATE | TABELA: VENDAS | CHAVE: ID=1436 | DETALHES: Campo atualizado
[2025-08-24 16:30:00] USUÁRIO: vendedor02 | OPERAÇÃO: SELECT | TABELA: VENDAS | FILTRO: ID=3488 | DETALHES: Consulta realizada
[2025-08-24 16:31:00] USUÁRIO: admin | OPERAÇÃO: UPDATE | TABELA: PAGAMENTOS | CHAVE: ID=7138 | DETALHES: Campo atualizado
[2025-08-24 16:32:00] USUÁRIO: vendedor02 | OPERAÇÃO: SELECT | TABELA: PRODUTOS | FILTRO: ID=2845 | DETALHES: Consulta realizada
[2025-08-24 16:33:00] USUÁRIO: caixa01 | OPERAÇÃO: DELETE | TABELA: VENDAS | CHAVE: ID=6633 | DETALHES: Registro excluído
[2025-08-24 16:34:00] USUÁRIO: vendedor01 | OPERAÇÃO: SELECT | TABELA: VENDAS | FILTRO: ID=1017 | DETALHES: Consulta realizada
[2025-08-24 16:35:00] USUÁRIO: admin | OPERAÇÃO: LOGIN | STATUS: FALHA
[2025-08-24 16:36:00] USUÁRIO: vendedor02 | OPERAÇÃO: SELECT | TABELA: PRODUTOS | FILTRO: ID=7685 | DETALHES: Consulta realizada
[2025-08-24 16:37:00] USUÁRIO: vendedor01 | OPERAÇÃO: UPDATE | TABELA: USUARIOS | CHAVE: ID=1922 | DETALHES: Campo atualizado
[2025-08-24 16:38:00] USUÁRIO: gerente | OPERAÇÃO: SELECT | TABELA: PAGAMENTOS | FILTRO: ID=6041 | DETALHES: Consulta realizada
[2025-08-24 16:39:00] USUÁRIO: vendedor01 | OPERAÇÃO: UPDATE | TABELA: USUARIOS | CHAVE: ID=2456 | DETALHES: Campo atualizado
[2025-08-24 16:40:00] USUÁRIO: caixa01 | OPERAÇÃO: SELECT | TABELA: CLIENTES | FILTRO: ID=6227 | DETALHES: Consulta realizada
[2025-08-24 16:41:00] USUÁRIO: caixa01 | OPERAÇÃO: DELETE | TABELA: PAGAMENTOS | CHAVE: ID=7129 | DETALHES: Registro excluído
[2025-08-24 16:42:00] USUÁRIO: caixa01 | OPERAÇÃO: SELECT | TABELA: CLIENTES | FILTRO: ID=4078 | DETALHES: Consulta realizada
[2025-08-24 16:43:00] USUÁRIO: vendedor01 | OPERAÇÃO: SELECT | TABELA: CLIENTES | FILTRO: ID=1764 | DETALHES: Consulta realizada
[2025-08-24 16:44:00] USUÁRIO: caixa01 | OPERAÇÃO: DELETE | TABELA: CLIENTES | CHAVE: ID=5889 | DETALHES: Registro excluído
[2025-08-24 16:45:00] USUÁRIO: vendedor01 | OPERAÇÃO: DELETE | TABELA: PAGAMENTOS | CHAVE: ID=7801 | DETALHES: Registro excluído
[2025-08-24 16:46:00] USUÁRIO: gerente | OPERAÇÃO: SELECT | TABELA: PRODUTOS | FILTRO: ID=1752 | DETALHES: Consulta realizada
[2025-08-24 16:47:00] USUÁRIO: vendedor02 | OPERAÇÃO: LOGIN | STATUS: FALHA
[2025-08-24 16:48:00] USUÁRIO: vendedor02 | OPERAÇÃO: LOGIN | STATUS: SUCESSO
[2025-08-24 16:49:00] USUÁRIO: vendedor01 | OPERAÇÃO: INSERT | TABELA: CLIENTES | CHAVE: ID=2823 | DETALHES: Novo cliente cadastrado (Nome: Cliente_2823, CPF: ***-473)
[2025-08-24 16:50:00] USUÁRIO: vendedor02 | OPERAÇÃO: SELECT | TABELA: PRODUTOS | FILTRO: ID=7234 | DETALHES: Consulta realizada
[2025-08-24 16:51:00] USUÁRIO: admin | OPERAÇÃO: SELECT | TABELA: VENDAS | FILTRO: ID=7221 | DETALHES: Consulta realizada
[2025-08-24 16:52:00] USUÁRIO: caixa01 | OPERAÇÃO: UPDATE | TABELA: PRODUTOS | CHAVE: ID=5420 | DETALHES: Campo atualizado
[2025-08-24 16:53:00] USUÁRIO: admin | OPERAÇÃO: LOGIN | STATUS: SUCESSO
[2025-08-24 16:54:00] USUÁRIO: gerente | OPERAÇÃO: UPDATE | TABELA: PRODUTOS | CHAVE: ID=8583 | DETALHES: Campo atualizado
[2025-08-24 16:55:00] USUÁRIO: admin | OPERAÇÃO: INSERT | TABELA: PAGAMENTOS | CHAVE: ID=4269 | DETALHES: Registro inserido
[2025-08-24 16:56:00] USUÁRIO: gerente | OPERAÇÃO: SELECT | TABELA: PRODUTOS | FILTRO: ID=4467 | DETALHES: Consulta realizada
[2025-08-24 16:57:00] USUÁRIO: admin | OPERAÇÃO: DELETE | TABELA: PRODUTOS | CHAVE: ID=4082 | DETALHES: Registro excluído
[2025-08-24 16:58:00] USUÁRIO: admin | OPERAÇÃO: LOGIN | STATUS: SUCESSO
[2025-08-24 16:59:00] USUÁRIO: vendedor02 | OPERAÇÃO: LOGIN | STATUS: SUCESSO
[2025-08-24 17:00:00] USUÁRIO: gerente | OPERAÇÃO: UPDATE | TABELA: PAGAMENTOS | CHAVE: ID=3034 | DETALHES: Campo atualizado
[2025-08-24 17:01:00] USUÁRIO: vendedor01 | OPERAÇÃO: DELETE | TABELA: USUARIOS | CHAVE: ID=1772 | DETALHES: Registro excluído
[2025-08-24 17:02:00] USUÁRIO: vendedor01 | OPERAÇÃO: INSERT | TABELA: VENDAS | CHAVE: ID=3661 | DETALHES: Venda registrada (ClienteID=1482, Valor=R$ 1157, FormaPagamento=Dinheiro)
[2025-08-24 17:03:00] USUÁRIO: caixa01 | OPERAÇÃO: INSERT | TABELA: PAGAMENTOS | CHAVE: ID=9369 | DETALHES: Registro inserido
[2025-08-24 17:04:00] USUÁRIO: caixa01 | OPERAÇÃO: UPDATE | TABELA: VENDAS | CHAVE: ID=9295 | DETALHES: Campo atualizado
[2025-08-24 17:05:00] USUÁRIO: caixa01 | OPERAÇÃO: DELETE | TABELA: CLIENTES | CHAVE: ID=4273 | DETALHES: Registro excluído
[2025-08-24 17:06:00] USUÁRIO: vendedor02 | OPERAÇÃO: INSERT | TABELA: USUARIOS | CHAVE: ID=9665 | DETALHES: Registro inserido
[2025-08-24 17:07:00] USUÁRIO: admin | OPERAÇÃO: LOGIN | STATUS: SUCESSO
[2025-08-24 17:08:00] USUÁRIO: vendedor02 | OPERAÇÃO: SELECT | TABELA: USUARIOS | FILTRO: ID=7324 | DETALHES: Consulta realizada
[2025-08-24 17:09:00] USUÁRIO: vendedor01 | OPERAÇÃO: UPDATE | TABELA: PRODUTOS | CHAVE: ID=9877 | DETALHES: Campo atualizado
[2025-08-24 17:10:00] USUÁRIO: admin | OPERAÇÃO: LOGIN | STATUS: FALHA
[2025-08-24 17:11:00] USUÁRIO: admin | OPERAÇÃO: DELETE | TABELA: CLIENTES | CHAVE: ID=7317 | DETALHES: Registro excluído
[2025-08-24 17:12:00] USUÁRIO: gerente | OPERAÇÃO: UPDATE | TABELA: CLIENTES | CHAVE: ID=7569 | DETALHES: Campo atualizado
[2025-08-24 17:13:00] USUÁRIO: vendedor01 | OPERAÇÃO: LOGIN | STATUS: FALHA
[2025-08-24 17:14:00] USUÁRIO: vendedor01 | OPERAÇÃO: INSERT | TABELA: USUARIOS | CHAVE: ID=4220 | DETALHES: Registro inserido
[2025-08-24 17:15:00] USUÁRIO: caixa01 | OPERAÇÃO: INSERT | TABELA: VENDAS | CHAVE: ID=8226 | DETALHES: Venda registrada (ClienteID=1750, Valor=R$ 435, FormaPagamento=Pix)
[2025-08-24 17:16:00] USUÁRIO: vendedor02 | OPERAÇÃO: UPDATE | TABELA: USUARIOS | CHAVE: ID=3906 | DETALHES: Campo atualizado
[2025-08-24 17:17:00] USUÁRIO: gerente | OPERAÇÃO: UPDATE | TABELA: VENDAS | CHAVE: ID=1607 | DETALHES: Campo atualizado
[2025-08-24 17:18:00] USUÁRIO: admin | OPERAÇÃO: DELETE | TABELA: PAGAMENTOS | CHAVE: ID=1801 | DETALHES: Registro excluído
[2025-08-24 17:19:00] USUÁRIO: vendedor02 | OPERAÇÃO: UPDATE | TABELA: CLIENTES | CHAVE: ID=5523 | DETALHES: Campo atualizado
[2025-08-24 17:20:00] USUÁRIO: gerente | OPERAÇÃO: INSERT | TABELA: PRODUTOS | CHAVE: ID=1064 | DETALHES: Registro inserido
[2025-08-24 17:21:00] USUÁRIO: vendedor02 | OPERAÇÃO: INSERT | TABELA: PAGAMENTOS | CHAVE: ID=3485 | DETALHES: Registro inserido
[2025-08-24 17:22:00] USUÁRIO: vendedor02 | OPERAÇÃO: LOGIN | STATUS: FALHA
[2025-08-24 17:23:00] USUÁRIO: vendedor02 | OPERAÇÃO: DELETE | TABELA: PRODUTOS | CHAVE: ID=3109 | DETALHES: Registro excluído
[2025-08-24 17:24:00] USUÁRIO: caixa01 | OPERAÇÃO: UPDATE | TABELA: PRODUTOS | CHAVE: ID=2561 | DETALHES: Campo atualizado
[2025-08-24 17:25:00] USUÁRIO: gerente | OPERAÇÃO: UPDATE | TABELA: VENDAS | CHAVE: ID=5519 | DETALHES: Campo atualizado
[2025-08-24 17:26:00] USUÁRIO: vendedor02 | OPERAÇÃO: SELECT | TABELA: VENDAS | FILTRO: ID=5117 | DETALHES: Consulta realizada
[2025-08-24 17:27:00] USUÁRIO: caixa01 | OPERAÇÃO: INSERT | TABELA: PAGAMENTOS | CHAVE: ID=6005 | DETALHES: Registro inserido
[2025-08-24 17:28:00] USUÁRIO: vendedor01 | OPERAÇÃO: DELETE | TABELA: PRODUTOS | CHAVE: ID=3313 | DETALHES: Registro excluído
[2025-08-24 17:29:00] USUÁRIO: vendedor01 | OPERAÇÃO: SELECT | TABELA: VENDAS | FILTRO: ID=1819 | DETALHES: Consulta realizada
[2025-08-24 17:30:00] USUÁRIO: vendedor01 | OPERAÇÃO: UPDATE | TABELA: CLIENTES | CHAVE: ID=9623 | DETALHES: Campo atualizado
[2025-08-24 17:31:00] USUÁRIO: caixa01 | OPERAÇÃO: DELETE | TABELA: PAGAMENTOS | CHAVE: ID=3098 | DETALHES: Registro excluído
[2025-08-24 17:32:00] USUÁRIO: caixa01 | OPERAÇÃO: UPDATE | TABELA: USUARIOS | CHAVE: ID=3903 | DETALHES: Campo atualizado
[2025-08-24 17:33:00] USUÁRIO: gerente | OPERAÇÃO: INSERT | TABELA: PAGAMENTOS | CHAVE: ID=2597 | DETALHES: Registro inserido
[2025-08-24 17:34:00] USUÁRIO: vendedor01 | OPERAÇÃO: LOGIN | STATUS: FALHA
[2025-08-24 17:35:00] USUÁRIO: vendedor01 | OPERAÇÃO: UPDATE | TABELA: PAGAMENTOS | CHAVE: ID=3322 | DETALHES: Campo atualizado
[2025-08-24 17:36:00] USUÁRIO: gerente | OPERAÇÃO: DELETE | TABELA: CLIENTES | CHAVE: ID=1514 | DETALHES: Registro excluído
[2025-08-24 17:37:00] USUÁRIO: gerente | OPERAÇÃO: DELETE | TABELA: CLIENTES | CHAVE: ID=9459 | DETALHES: Registro excluído
[2025-08-24 17:38:00] USUÁRIO: admin | OPERAÇÃO: DELETE | TABELA: PRODUTOS | CHAVE: ID=3207 | DETALHES: Registro excluído
[2025-08-24 17:39:00] USUÁRIO: caixa01 | OPERAÇÃO: LOGIN | STATUS: SUCESSO
[2025-08-24 17:40:00] USUÁRIO: vendedor02 | OPERAÇÃO: DELETE | TABELA: VENDAS | CHAVE: ID=9060 | DETALHES: Registro excluído
[2025-08-24 17:41:00] USUÁRIO: gerente | OPERAÇÃO: INSERT | TABELA: CLIENTES | CHAVE: ID=8921 | DETALHES: Novo cliente cadastrado (Nome: Cliente_8921, CPF: ***-942)
[2025-08-24 17:42:00] USUÁRIO: admin | OPERAÇÃO: SELECT | TABELA: VENDAS | FILTRO: ID=4362 | DETALHES: Consulta realizada
[2025-08-24 17:43:00] USUÁRIO: admin | OPERAÇÃO: UPDATE | TABELA: CLIENTES | CHAVE: ID=9635 | DETALHES: Campo atualizado
[2025-08-24 17:44:00] USUÁRIO: vendedor02 | OPERAÇÃO: DELETE | TABELA: VENDAS | CHAVE: ID=8762 | DETALHES: Registro excluído
[2025-08-24 17:45:00] USUÁRIO: vendedor01 | OPERAÇÃO: LOGIN | STATUS: SUCESSO
[2025-08-24 17:46:00] USUÁRIO: caixa01 | OPERAÇÃO: INSERT | TABELA: VENDAS | CHAVE: ID=2940 | DETALHES: Venda registrada (ClienteID=1227, Valor=R$ 858, FormaPagamento=Boleto)
[2025-08-24 17:47:00] USUÁRIO: vendedor02 | OPERAÇÃO: INSERT | TABELA: VENDAS | CHAVE: ID=2105 | DETALHES: Venda registrada (ClienteID=1603, Valor=R$ 266, FormaPagamento=Dinheiro)
[2025-08-24 17:48:00] USUÁRIO: admin | OPERAÇÃO: INSERT | TABELA: VENDAS | CHAVE: ID=2081 | DETALHES: Venda registrada (ClienteID=1137, Valor=R$ 487, FormaPagamento=Boleto)
[2025-08-24 17:49:00] USUÁRIO: gerente | OPERAÇÃO: SELECT | TABELA: VENDAS | FILTRO: ID=9542 | DETALHES: Consulta realizada
[2025-08-24 17:50:00] USUÁRIO: gerente | OPERAÇÃO: INSERT | TABELA: VENDAS | CHAVE: ID=8025 | DETALHES: Venda registrada (ClienteID=1348, Valor=R$ 387, FormaPagamento=Dinheiro)
[2025-08-24 17:51:00] USUÁRIO: caixa01 | OPERAÇÃO: SELECT | TABELA: USUARIOS | FILTRO: ID=9382 | DETALHES: Consulta realizada
[2025-08-24 17:52:00] USUÁRIO: admin | OPERAÇÃO: INSERT | TABELA: CLIENTES | CHAVE: ID=8173 | DETALHES: Novo cliente cadastrado (Nome: Cliente_8173, CPF: ***-263)
[2025-08-24 17:53:00] USUÁRIO: vendedor02 | OPERAÇÃO: LOGIN | STATUS: FALHA
[2025-08-24 17:54:00] USUÁRIO: vendedor01 | OPERAÇÃO: LOGIN | STATUS: FALHA
[2025-08-24 17:55:00] USUÁRIO: gerente | OPERAÇÃO: LOGIN | STATUS: FALHA
[2025-08-24 17:56:00] USUÁRIO: vendedor02 | OPERAÇÃO: SELECT | TABELA: CLIENTES | FILTRO: ID=5548 | DETALHES: Consulta realizada
[2025-08-24 17:57:00] USUÁRIO: caixa01 | OPERAÇÃO: SELECT | TABELA: PAGAMENTOS | FILTRO: ID=4949 | DETALHES: Consulta realizada
[2025-08-24 17:58:00] USUÁRIO: caixa01 | OPERAÇÃO: UPDATE | TABELA: CLIENTES | CHAVE: ID=5961 | DETALHES: Campo atualizado
[2025-08-24 17:59:00] USUÁRIO: vendedor01 | OPERAÇÃO: INSERT | TABELA: VENDAS | CHAVE: ID=7257 | DETALHES: Venda registrada (ClienteID=1079, Valor=R$ 1136, FormaPagamento=Boleto)
[2025-08-24 18:00:00] USUÁRIO: vendedor02 | OPERAÇÃO: UPDATE | TABELA: USUARIOS | CHAVE: ID=3115 | DETALHES: Campo atualizado
[2025-08-24 18:01:00] USUÁRIO: vendedor02 | OPERAÇÃO: UPDATE | TABELA: USUARIOS | CHAVE: ID=9630 | DETALHES: Campo atualizado
[2025-08-24 18:02:00] USUÁRIO: vendedor01 | OPERAÇÃO: SELECT | TABELA: PRODUTOS | FILTRO: ID=2920 | DETALHES: Consulta realizada
[2025-08-24 18:03:00] USUÁRIO: vendedor02 | OPERAÇÃO: SELECT | TABELA: USUARIOS | FILTRO: ID=6737 | DETALHES: Consulta realizada
[2025-08-24 18:04:00] USUÁRIO: vendedor01 | OPERAÇÃO: INSERT | TABELA: USUARIOS | CHAVE: ID=4082 | DETALHES: Registro inserido
[2025-08-24 18:05:00] USUÁRIO: vendedor01 | OPERAÇÃO: LOGIN | STATUS: FALHA
[2025-08-24 18:06:00] USUÁRIO: gerente | OPERAÇÃO: INSERT | TABELA: VENDAS | CHAVE: ID=6641 | DETALHES: Venda registrada (ClienteID=1896, Valor=R$ 1441, FormaPagamento=Dinheiro)
[2025-08-24 18:07:00] USUÁRIO: caixa01 | OPERAÇÃO: INSERT | TABELA: VENDAS | CHAVE: ID=1450 | DETALHES: Venda registrada (ClienteID=1809, Valor=R$ 912, FormaPagamento=Cartão)
[2025-08-24 18:08:00] USUÁRIO: vendedor02 | OPERAÇÃO: INSERT | TABELA: PRODUTOS | CHAVE: ID=6650 | DETALHES: Registro inserido
[2025-08-24 18:09:00] USUÁRIO: vendedor02 | OPERAÇÃO: INSERT | TABELA: PAGAMENTOS | CHAVE: ID=4118 | DETALHES: Registro inserido

=============================================================================
